e:\大学资料\计算机基础编程综合实验\实验文件\ams\debug\vc142.pdb
e:\大学资料\计算机基础编程综合实验\实验文件\ams\debug\vc142.idb
e:\大学资料\计算机基础编程综合实验\实验文件\ams\debug\tool.obj
e:\大学资料\计算机基础编程综合实验\实验文件\ams\debug\statistic.obj
e:\大学资料\计算机基础编程综合实验\实验文件\ams\debug\service.obj
e:\大学资料\计算机基础编程综合实验\实验文件\ams\debug\money_file.obj
e:\大学资料\计算机基础编程综合实验\实验文件\ams\debug\menu.obj
e:\大学资料\计算机基础编程综合实验\实验文件\ams\debug\main.obj
e:\大学资料\计算机基础编程综合实验\实验文件\ams\debug\card_service.obj
e:\大学资料\计算机基础编程综合实验\实验文件\ams\debug\card_file.obj
e:\大学资料\计算机基础编程综合实验\实验文件\ams\debug\billing_service.obj
e:\大学资料\计算机基础编程综合实验\实验文件\ams\debug\billing_file.obj
e:\大学资料\计算机基础编程综合实验\实验文件\ams\debug\accountmanagement.ilk
e:\大学资料\计算机基础编程综合实验\实验文件\ams\debug\accountmanagement.exe
e:\大学资料\计算机基础编程综合实验\实验文件\ams\debug\accountmanagement.pdb
e:\大学资料\计算机基础编程综合实验\实验文件\ams\debug\accountm.fdc6b933.tlog\cl.command.1.tlog
e:\大学资料\计算机基础编程综合实验\实验文件\ams\debug\accountm.fdc6b933.tlog\cl.read.1.tlog
e:\大学资料\计算机基础编程综合实验\实验文件\ams\debug\accountm.fdc6b933.tlog\cl.write.1.tlog
e:\大学资料\计算机基础编程综合实验\实验文件\ams\debug\accountm.fdc6b933.tlog\link.command.1.tlog
e:\大学资料\计算机基础编程综合实验\实验文件\ams\debug\accountm.fdc6b933.tlog\link.read.1.tlog
e:\大学资料\计算机基础编程综合实验\实验文件\ams\debug\accountm.fdc6b933.tlog\link.write.1.tlog
